-------------------------------------------------------------------------------
Test set: com.itsol.recruit.RecruitApplicationTests
-------------------------------------------------------------------------------
Tests run: 1, Failures: 0, Errors: 1, Skipped: 0, Time elapsed: 8.807 s <<< FAILURE! - in com.itsol.recruit.RecruitApplicationTests
contextLoads  Time elapsed: 0.014 s  <<< ERROR!
java.lang.IllegalStateException: Failed to load ApplicationContext
Caused by: org.springframework.beans.factory.UnsatisfiedDependencyException: Error creating bean with name 'OTPServiceImpl' defined in file [D:\IT\nhom_2\BE\BE_Itsol1\target\classes\com\itsol\recruit\service\impl\OTPServiceImpl.class]: Unsatisfied dependency expressed through constructor parameter 1; nested exception is org.springframework.beans.factory.NoSuchBeanDefinitionException: No qualifying bean of type 'com.itsol.recruit.repository.OTPRepositoty$OTPRepository' available: expected at least 1 bean which qualifies as autowire candidate. Dependency annotations: {}
Caused by: org.springframework.beans.factory.NoSuchBeanDefinitionException: No qualifying bean of type 'com.itsol.recruit.repository.OTPRepositoty$OTPRepository' available: expected at least 1 bean which qualifies as autowire candidate. Dependency annotations: {}

